2022-02-15 17:49:43 INFO  BaseClass:15 - The URL is opened
  2022-02-15 17:49:43 INFO  BaseClass:19 - Entered username
  2022-02-15 17:49:44 INFO  BaseClass:22 - Entered password
  2022-02-15 17:49:47 INFO  BaseClass:25 - Submit button is clicked
  2022-02-15 17:49:47 INFO  BaseClass:29 - Login test case passed
  2022-02-15 19:15:00 INFO  BaseClass:15 - The URL is opened
  2022-02-15 19:15:00 INFO  BaseClass:19 - Entered username
  2022-02-15 19:15:00 INFO  BaseClass:22 - Entered password
  2022-02-15 19:15:03 INFO  BaseClass:25 - Submit button is clicked
  2022-02-15 19:15:03 INFO  BaseClass:29 - Login test case passed
  2022-02-15 19:46:43 INFO  BaseClass:14 - The URL is opened
  2022-02-15 19:46:43 INFO  BaseClass:18 - Entered username
  2022-02-15 19:46:43 INFO  BaseClass:21 - Entered password
  2022-02-15 19:46:45 INFO  BaseClass:24 - Submit button is clicked
  2022-02-15 19:46:45 INFO  BaseClass:28 - Login test case passed
  2022-02-15 19:55:28 INFO  BaseClass:14 - The URL is opened
  2022-02-15 19:55:28 INFO  BaseClass:18 - Entered username
  2022-02-15 19:55:29 INFO  BaseClass:21 - Entered password
  2022-02-15 19:55:30 INFO  BaseClass:24 - Submit button is clicked
  2022-02-15 19:55:30 INFO  BaseClass:28 - Login test case passed
  2022-02-15 20:01:56 INFO  BaseClass:14 - The URL is opened
  2022-02-15 20:01:57 INFO  BaseClass:18 - Entered username
  2022-02-15 20:01:57 INFO  BaseClass:21 - Entered password
  2022-02-15 20:01:58 INFO  BaseClass:24 - Submit button is clicked
  2022-02-15 20:01:58 INFO  BaseClass:28 - Login test case passed
  2022-02-15 20:04:24 INFO  BaseClass:14 - The URL is opened
  2022-02-15 20:04:24 INFO  BaseClass:18 - Entered username
  2022-02-15 20:04:25 INFO  BaseClass:21 - Entered password
  2022-02-15 20:04:26 INFO  BaseClass:24 - Submit button is clicked
  2022-02-15 20:04:26 INFO  BaseClass:28 - Login test case passed
  2022-02-16 12:21:41 INFO  BaseClass:14 - The URL is opened
  2022-02-16 12:21:42 INFO  BaseClass:18 - Entered username
  2022-02-16 12:21:42 INFO  BaseClass:21 - Entered password
  2022-02-16 12:21:43 INFO  BaseClass:24 - Submit button is clicked
  2022-02-16 12:21:43 INFO  BaseClass:28 - Login test case passed
  2022-02-16 12:25:43 INFO  BaseClass:14 - The URL is opened
  2022-02-16 12:25:43 INFO  BaseClass:18 - Entered username
  2022-02-16 12:25:43 INFO  BaseClass:21 - Entered password
  2022-02-16 12:25:44 INFO  BaseClass:24 - Submit button is clicked
  2022-02-16 12:25:44 INFO  BaseClass:28 - Login test case passed
  2022-02-16 12:34:05 INFO  BaseClass:14 - The URL is opened
  2022-02-16 12:34:06 INFO  BaseClass:18 - Entered username
  2022-02-16 12:34:06 INFO  BaseClass:21 - Entered password
  2022-02-16 12:34:07 INFO  BaseClass:24 - Submit button is clicked
  2022-02-16 12:34:07 INFO  BaseClass:28 - Login test case passed
  2022-02-16 15:53:32 INFO  BaseClass:14 - The URL is opened
  2022-02-16 15:53:32 INFO  BaseClass:18 - Entered username
  2022-02-16 15:53:32 INFO  BaseClass:21 - Entered password
  2022-02-16 15:53:33 INFO  BaseClass:24 - Submit button is clicked
  2022-02-16 15:53:33 INFO  BaseClass:28 - Login test case passed
  2022-02-16 16:08:11 INFO  BaseClass:14 - The URL is opened
  2022-02-16 16:08:11 INFO  BaseClass:18 - Entered username
  2022-02-16 16:08:11 INFO  BaseClass:21 - Entered password
  2022-02-16 16:08:12 INFO  BaseClass:24 - Submit button is clicked
  2022-02-16 16:08:12 INFO  BaseClass:28 - Login test case passed
  2022-02-16 16:13:00 INFO  BaseClass:14 - The URL is opened
  2022-02-16 16:13:00 INFO  BaseClass:18 - Entered username
  2022-02-16 16:13:00 INFO  BaseClass:21 - Entered password
  2022-02-16 16:13:01 INFO  BaseClass:24 - Submit button is clicked
  2022-02-16 16:13:01 INFO  BaseClass:28 - Login test case passed
  2022-02-16 16:25:38 INFO  BaseClass:14 - The URL is opened
  2022-02-16 16:25:38 INFO  BaseClass:18 - Entered username
  2022-02-16 16:25:38 INFO  BaseClass:21 - Entered password
  2022-02-16 16:25:40 INFO  BaseClass:24 - Submit button is clicked
  2022-02-16 16:25:40 INFO  BaseClass:28 - Login test case passed
  2022-02-16 16:27:13 INFO  BaseClass:14 - The URL is opened
  2022-02-16 16:27:14 INFO  BaseClass:18 - Entered username
  2022-02-16 16:27:14 INFO  BaseClass:21 - Entered password
  2022-02-16 16:27:15 INFO  BaseClass:24 - Submit button is clicked
  2022-02-16 16:27:15 INFO  BaseClass:28 - Login test case passed
  2022-02-16 16:33:07 INFO  BaseClass:14 - The URL is opened
  2022-02-16 16:33:07 INFO  BaseClass:18 - Entered username
  2022-02-16 16:33:07 INFO  BaseClass:21 - Entered password
  2022-02-16 16:33:11 INFO  BaseClass:24 - Submit button is clicked
  2022-02-16 16:33:11 INFO  BaseClass:28 - Login test case passed
  2022-02-16 16:40:27 INFO  BaseClass:14 - The URL is opened
  2022-02-16 16:40:27 INFO  BaseClass:18 - Entered username
  2022-02-16 16:40:27 INFO  BaseClass:21 - Entered password
  2022-02-16 16:40:29 INFO  BaseClass:24 - Submit button is clicked
  2022-02-16 16:40:29 INFO  BaseClass:28 - Login test case passed
  2022-02-16 16:44:16 INFO  BaseClass:14 - The URL is opened
  2022-02-16 16:44:16 INFO  BaseClass:18 - Entered username
  2022-02-16 16:44:16 INFO  BaseClass:21 - Entered password
  2022-02-16 16:44:19 INFO  BaseClass:24 - Submit button is clicked
  2022-02-16 16:44:19 INFO  BaseClass:28 - Login test case passed
  2022-02-16 16:47:00 INFO  BaseClass:14 - The URL is opened
  2022-02-16 16:47:00 INFO  BaseClass:18 - Entered username
  2022-02-16 16:47:00 INFO  BaseClass:21 - Entered password
  2022-02-16 16:47:02 INFO  BaseClass:24 - Submit button is clicked
  2022-02-16 16:47:02 INFO  BaseClass:28 - Login test case passed
  2022-02-16 16:49:02 INFO  BaseClass:14 - The URL is opened
  2022-02-16 16:49:02 INFO  BaseClass:18 - Entered username
  2022-02-16 16:49:02 INFO  BaseClass:21 - Entered password
  2022-02-16 16:49:05 INFO  BaseClass:24 - Submit button is clicked
  2022-02-16 16:49:05 INFO  BaseClass:28 - Login test case passed
  2022-02-16 18:36:26 INFO  BaseClass:14 - The URL is opened
  2022-02-16 18:36:26 INFO  BaseClass:18 - Entered username
  2022-02-16 18:36:26 INFO  BaseClass:21 - Entered password
  2022-02-16 18:36:28 INFO  BaseClass:24 - Submit button is clicked
  2022-02-16 18:41:11 INFO  BaseClass:14 - The URL is opened
  2022-02-16 18:41:11 INFO  BaseClass:18 - Entered username
  2022-02-16 18:41:11 INFO  BaseClass:21 - Entered password
  2022-02-16 18:41:12 INFO  BaseClass:24 - Submit button is clicked
  2022-02-16 18:45:10 INFO  BaseClass:16 - The URL is opened
  2022-02-16 18:45:10 INFO  BaseClass:20 - Entered username
  2022-02-16 18:45:11 INFO  BaseClass:23 - Entered password
  2022-02-16 18:45:13 INFO  BaseClass:26 - Submit button is clicked
  2022-02-16 18:52:15 INFO  BaseClass:16 - The URL is opened
  2022-02-16 18:52:15 INFO  BaseClass:20 - Entered username
  2022-02-16 18:52:15 INFO  BaseClass:23 - Entered password
  2022-02-16 18:52:17 INFO  BaseClass:26 - Submit button is clicked
  2022-02-17 10:31:44 INFO  BaseClass:18 - user name is provided
  2022-02-17 10:31:44 INFO  BaseClass:20 - password is provided
  2022-02-17 10:31:45 INFO  BaseClass:31 - Login passed
  2022-02-17 10:31:48 INFO  BaseClass:18 - user name is provided
  2022-02-17 10:31:48 INFO  BaseClass:20 - password is provided
  2022-02-17 10:31:49 INFO  BaseClass:18 - user name is provided
  2022-02-17 10:31:49 INFO  BaseClass:20 - password is provided
  2022-02-17 10:31:51 INFO  BaseClass:18 - user name is provided
  2022-02-17 10:31:51 INFO  BaseClass:20 - password is provided
  2022-02-17 10:31:52 INFO  BaseClass:31 - Login passed
  2022-02-17 10:31:54 INFO  BaseClass:18 - user name is provided
  2022-02-17 10:31:54 INFO  BaseClass:20 - password is provided
  2022-02-17 15:40:45 INFO  BaseClass:18 - user name is provided
  2022-02-17 15:40:45 INFO  BaseClass:20 - password is provided
  2022-02-17 15:40:47 INFO  BaseClass:31 - Login passed
  2022-02-17 15:40:50 INFO  BaseClass:18 - user name is provided
  2022-02-17 15:40:50 INFO  BaseClass:20 - password is provided
  2022-02-17 15:40:52 INFO  BaseClass:18 - user name is provided
  2022-02-17 15:40:52 INFO  BaseClass:20 - password is provided
  2022-02-17 15:40:54 INFO  BaseClass:18 - user name is provided
  2022-02-17 15:40:54 INFO  BaseClass:20 - password is provided
  2022-02-17 15:40:55 INFO  BaseClass:31 - Login passed
  2022-02-17 15:40:57 INFO  BaseClass:18 - user name is provided
  2022-02-17 15:40:57 INFO  BaseClass:20 - password is provided
  2022-02-17 18:51:10 INFO  BaseClass:16 - The URL is opened
  2022-02-17 18:51:10 INFO  BaseClass:20 - Entered username
  2022-02-17 18:51:10 INFO  BaseClass:23 - Entered password
  2022-02-17 18:51:12 INFO  BaseClass:26 - Submit button is clicked
  2022-02-17 18:51:22 INFO  BaseClass:18 - user name is provided
  2022-02-17 18:51:22 INFO  BaseClass:20 - password is provided
  2022-02-17 18:51:23 INFO  BaseClass:31 - Login passed
  2022-02-17 18:51:26 INFO  BaseClass:18 - user name is provided
  2022-02-17 18:51:26 INFO  BaseClass:20 - password is provided
  2022-02-17 18:51:27 INFO  BaseClass:18 - user name is provided
  2022-02-17 18:51:27 INFO  BaseClass:20 - password is provided
  2022-02-17 18:51:29 INFO  BaseClass:18 - user name is provided
  2022-02-17 18:51:30 INFO  BaseClass:20 - password is provided
  2022-02-17 18:51:32 INFO  BaseClass:31 - Login passed
  2022-02-17 18:51:34 INFO  BaseClass:18 - user name is provided
  2022-02-17 18:51:34 INFO  BaseClass:20 - password is provided
  2022-02-17 18:53:24 INFO  BaseClass:16 - The URL is opened
  2022-02-17 18:53:24 INFO  BaseClass:20 - Entered username
  2022-02-17 18:53:24 INFO  BaseClass:23 - Entered password
  2022-02-17 18:53:26 INFO  BaseClass:26 - Submit button is clicked
  2022-02-17 18:53:26 INFO  BaseClass:30 - Login test case passed
  2022-02-17 18:53:34 INFO  BaseClass:18 - user name is provided
  2022-02-17 18:53:35 INFO  BaseClass:20 - password is provided
  2022-02-17 18:53:36 INFO  BaseClass:31 - Login passed
  2022-02-17 18:53:38 INFO  BaseClass:18 - user name is provided
  2022-02-17 18:53:39 INFO  BaseClass:20 - password is provided
  2022-02-17 18:53:41 INFO  BaseClass:18 - user name is provided
  2022-02-17 18:53:41 INFO  BaseClass:20 - password is provided
  2022-02-17 18:53:44 INFO  BaseClass:18 - user name is provided
  2022-02-17 18:53:44 INFO  BaseClass:20 - password is provided
  2022-02-17 18:53:46 INFO  BaseClass:31 - Login passed
  2022-02-17 18:53:48 INFO  BaseClass:18 - user name is provided
  2022-02-17 18:53:48 INFO  BaseClass:20 - password is provided
  2022-02-17 18:57:39 INFO  BaseClass:16 - The URL is opened
  2022-02-17 18:57:40 INFO  BaseClass:20 - Entered username
  2022-02-17 18:57:40 INFO  BaseClass:23 - Entered password
  2022-02-17 18:57:42 INFO  BaseClass:26 - Submit button is clicked
  2022-02-17 18:57:43 INFO  BaseClass:30 - Login test case passed
  2022-02-17 18:57:54 INFO  BaseClass:18 - user name is provided
  2022-02-17 18:57:54 INFO  BaseClass:20 - password is provided
  2022-02-17 18:57:56 INFO  BaseClass:31 - Login passed
  2022-02-17 18:57:58 INFO  BaseClass:18 - user name is provided
  2022-02-17 18:57:58 INFO  BaseClass:20 - password is provided
  2022-02-17 18:58:01 INFO  BaseClass:18 - user name is provided
  2022-02-17 18:58:01 INFO  BaseClass:20 - password is provided
  2022-02-17 18:58:03 INFO  BaseClass:18 - user name is provided
  2022-02-17 18:58:04 INFO  BaseClass:20 - password is provided
  2022-02-17 18:58:06 INFO  BaseClass:31 - Login passed
  2022-02-17 18:58:08 INFO  BaseClass:18 - user name is provided
  2022-02-17 18:58:09 INFO  BaseClass:20 - password is provided
  2022-02-17 19:01:09 INFO  BaseClass:16 - The URL is opened
  2022-02-17 19:01:09 INFO  BaseClass:20 - Entered username
  2022-02-17 19:01:10 INFO  BaseClass:23 - Entered password
  2022-02-17 19:01:11 INFO  BaseClass:26 - Submit button is clicked
  2022-02-17 19:01:11 INFO  BaseClass:30 - Login test case passed
  2022-02-17 19:01:22 INFO  BaseClass:18 - user name is provided
  2022-02-17 19:01:22 INFO  BaseClass:20 - password is provided
  2022-02-17 19:01:23 INFO  BaseClass:31 - Login passed
  2022-02-17 19:01:25 INFO  BaseClass:18 - user name is provided
  2022-02-17 19:01:25 INFO  BaseClass:20 - password is provided
  2022-02-17 19:01:27 INFO  BaseClass:18 - user name is provided
  2022-02-17 19:01:27 INFO  BaseClass:20 - password is provided
  2022-02-17 19:01:30 INFO  BaseClass:18 - user name is provided
  2022-02-17 19:01:30 INFO  BaseClass:20 - password is provided
  2022-02-17 19:01:32 INFO  BaseClass:31 - Login passed
  2022-02-17 19:01:34 INFO  BaseClass:18 - user name is provided
  2022-02-17 19:01:34 INFO  BaseClass:20 - password is provided
  